[    0.000000] Initializing cgroup subsys cpuset
[    0.000000] Initializing cgroup subsys cpu
[    0.000000] Initializing cgroup subsys cpuacct
[    0.000000] Linux version 4.4.0-178-generic (buildd@lgw01-amd64-017) (gcc version 5.4.0 20160609 (Ubuntu 5.4.0-6ubuntu1~16.04.12) ) #208-Ubuntu SMP Sun Apr 5 23:45:10 UTC 2020 (Ubuntu 4.4.0-178.208-generic 4.4.217)
[    0.000000] Command line: BOOT_IMAGE=/boot/vmlinuz-4.4.0-178-generic root=LABEL=cloudimg-rootfs ro console=tty1 console=ttyS0
[    0.000000] KERNEL supported cpus:
[    0.000000]   Intel GenuineIntel
[    0.000000]   AMD AuthenticAMD
[    0.000000]   Centaur CentaurHauls
[    0.000000] x86/fpu: xstate_offset[2]:  576, xstate_sizes[2]:  256
[    0.000000] x86/fpu: Supporting XSAVE feature 0x01: 'x87 floating point registers'
[    0.000000] x86/fpu: Supporting XSAVE feature 0x02: 'SSE registers'
[    0.000000] x86/fpu: Supporting XSAVE feature 0x04: 'AVX registers'
[    0.000000] x86/fpu: Enabled xstate features 0x7, context size is 832 bytes, using 'standard' format.
[    0.000000] e820: BIOS-provided physical RAM map:
[    0.000000] BIOS-e820: [mem 0x0000000000000000-0x000000000009fbff] usable
[    0.000000] BIOS-e820: [mem 0x000000000009fc00-0x000000000009ffff] reserved
[    0.000000] BIOS-e820: [mem 0x00000000000f0000-0x00000000000fffff] reserved
[    0.000000] BIOS-e820: [mem 0x0000000000100000-0x000000003ffeffff] usable
[    0.000000] BIOS-e820: [mem 0x000000003fff0000-0x000000003fffffff] ACPI data
[    0.000000] BIOS-e820: [mem 0x00000000fec00000-0x00000000fec00fff] reserved
[    0.000000] BIOS-e820: [mem 0x00000000fee00000-0x00000000fee00fff] reserved
[    0.000000] BIOS-e820: [mem 0x00000000fffc0000-0x00000000ffffffff] reserved
[    0.000000] NX (Execute Disable) protection: active
[    0.000000] SMBIOS 2.5 present.
[    0.000000] Hypervisor detected: KVM
[    0.000000] e820: last_pfn = 0x3fff0 max_arch_pfn = 0x400000000
[    0.000000] MTRR: Disabled
[    0.000000] x86/PAT: MTRRs disabled, skipping PAT initialization too.
[    0.000000] CPU MTRRs all blank - virtualized system.
[    0.000000] x86/PAT: Configuration [0-7]: WB  WT  UC- UC  WB  WT  UC- UC  
[    0.000000] found SMP MP-table at [mem 0x0009fff0-0x0009ffff] mapped at [ffff88000009fff0]
[    0.000000] Scanning 1 areas for low memory corruption
[    0.000000] RAMDISK: [mem 0x362e0000-0x37167fff]
[    0.000000] ACPI: Early table checksum verification disabled
[    0.000000] ACPI: RSDP 0x00000000000E0000 000024 (v02 VBOX  )
[    0.000000] ACPI: XSDT 0x000000003FFF0030 00003C (v01 VBOX   VBOXXSDT 00000001 ASL  00000061)
[    0.000000] ACPI: FACP 0x000000003FFF00F0 0000F4 (v04 VBOX   VBOXFACP 00000001 ASL  00000061)
[    0.000000] ACPI: DSDT 0x000000003FFF0470 0021FF (v02 VBOX   VBOXBIOS 00000002 INTL 20180105)
[    0.000000] ACPI: FACS 0x000000003FFF0200 000040
[    0.000000] ACPI: FACS 0x000000003FFF0200 000040
[    0.000000] ACPI: APIC 0x000000003FFF0240 00005C (v02 VBOX   VBOXAPIC 00000001 ASL  00000061)
[    0.000000] ACPI: SSDT 0x000000003FFF02A0 0001CC (v01 VBOX   VBOXCPUT 00000002 INTL 20180105)
[    0.000000] No NUMA configuration found
[    0.000000] Faking a node at [mem 0x0000000000000000-0x000000003ffeffff]
[    0.000000] NODE_DATA(0) allocated [mem 0x3ffeb000-0x3ffeffff]
[    0.000000] kvm-clock: Using msrs 4b564d01 and 4b564d00
[    0.000000] kvm-clock: cpu 0, msr 0:3ffe3001, primary cpu clock
[    0.000000] kvm-clock: using sched offset of 6895097889 cycles
[    0.000000] clocksource: kvm-clock: mask: 0xffffffffffffffff max_cycles: 0x1cd42e4dffb, max_idle_ns: 881590591483 ns
[    0.000000] Zone ranges:
[    0.000000]   DMA      [mem 0x0000000000001000-0x0000000000ffffff]
[    0.000000]   DMA32    [mem 0x0000000001000000-0x000000003ffeffff]
[    0.000000]   Normal   empty
[    0.000000]   Device   empty
[    0.000000] Movable zone start for each node
[    0.000000] Early memory node ranges
[    0.000000]   node   0: [mem 0x0000000000001000-0x000000000009efff]
[    0.000000]   node   0: [mem 0x0000000000100000-0x000000003ffeffff]
[    0.000000] Initmem setup node 0 [mem 0x0000000000001000-0x000000003ffeffff]
[    0.000000] ACPI: PM-Timer IO Port: 0x4008
[    0.000000] IOAPIC[0]: apic_id 2, version 32, address 0xfec00000, GSI 0-23
[    0.000000] ACPI: INT_SRC_OVR (bus 0 bus_irq 0 global_irq 2 dfl dfl)
[    0.000000] ACPI: INT_SRC_OVR (bus 0 bus_irq 9 global_irq 9 low level)
[    0.000000] Using ACPI (MADT) for SMP configuration information
[    0.000000] smpboot: Allowing 2 CPUs, 0 hotplug CPUs
[    0.000000] PM: Registered nosave memory: [mem 0x00000000-0x00000fff]
[    0.000000] PM: Registered nosave memory: [mem 0x0009f000-0x0009ffff]
[    0.000000] PM: Registered nosave memory: [mem 0x000a0000-0x000effff]
[    0.000000] PM: Registered nosave memory: [mem 0x000f0000-0x000fffff]
[    0.000000] e820: [mem 0x40000000-0xfebfffff] available for PCI devices
[    0.000000] Booting paravirtualized kernel on KVM
[    0.000000] clocksource: refined-jiffies: mask: 0xffffffff max_cycles: 0xffffffff, max_idle_ns: 7645519600211568 ns
[    0.000000] setup_percpu: NR_CPUS:512 nr_cpumask_bits:512 nr_cpu_ids:2 nr_node_ids:1
[    0.000000] PERCPU: Embedded 33 pages/cpu @ffff88003fc00000 s95448 r8192 d31528 u1048576
[    0.000000] Built 1 zonelists in Node order, mobility grouping on.  Total pages: 257912
[    0.000000] Policy zone: DMA32
[    0.000000] Kernel command line: BOOT_IMAGE=/boot/vmlinuz-4.4.0-178-generic root=LABEL=cloudimg-rootfs ro console=tty1 console=ttyS0
[    0.000000] PID hash table entries: 4096 (order: 3, 32768 bytes)
[    0.000000] Memory: 997672K/1048120K available (8626K kernel code, 1336K rwdata, 4036K rodata, 1488K init, 1292K bss, 50448K reserved, 0K cma-reserved)
[    0.000000] SLUB: HWalign=64, Order=0-3, MinObjects=0, CPUs=2, Nodes=1
[    0.000000] Kernel/User page tables isolation: enabled
[    0.000000] Hierarchical RCU implementation.
[    0.000000] 	Build-time adjustment of leaf fanout to 64.
[    0.000000] 	RCU restricting CPUs from NR_CPUS=512 to nr_cpu_ids=2.
[    0.000000] RCU: Adjusting geometry for rcu_fanout_leaf=64, nr_cpu_ids=2
[    0.000000] NR_IRQS:33024 nr_irqs:440 16
[    0.000000] Console: colour VGA+ 80x25
[    0.000000] console [tty1] enabled
[    0.000000] console [ttyS0] enabled
[    0.000000] tsc: Detected 2903.646 MHz processor
[    1.470057] Calibrating delay loop (skipped) preset value.. 5807.29 BogoMIPS (lpj=11614584)
[    1.486451] pid_max: default: 32768 minimum: 301
[    1.495065] ACPI: Core revision 20150930
[    1.503830] ACPI: 2 ACPI AML tables successfully acquired and loaded
[    1.517042] Security Framework initialized
[    1.525258] Yama: becoming mindful.
[    1.534062] AppArmor: AppArmor initialized
[    1.542277] Dentry cache hash table entries: 131072 (order: 8, 1048576 bytes)
[    1.557379] Inode-cache hash table entries: 65536 (order: 7, 524288 bytes)
[    1.571217] Mount-cache hash table entries: 2048 (order: 2, 16384 bytes)
[    1.584540] Mountpoint-cache hash table entries: 2048 (order: 2, 16384 bytes)
[    1.597149] Initializing cgroup subsys io
[    1.605204] Initializing cgroup subsys memory
[    1.613886] Initializing cgroup subsys devices
[    1.622491] Initializing cgroup subsys freezer
[    1.633222] Initializing cgroup subsys net_cls
[    1.642777] Initializing cgroup subsys perf_event
[    1.654495] Initializing cgroup subsys net_prio
[    1.663824] Initializing cgroup subsys hugetlb
[    1.672789] Initializing cgroup subsys pids
[    1.682447] mce: CPU supports 0 MCE banks
[    1.691066] Last level iTLB entries: 4KB 64, 2MB 8, 4MB 8
[    1.701368] Last level dTLB entries: 4KB 64, 2MB 0, 4MB 0, 1GB 4
[    1.712648] Spectre V1 : Mitigation: usercopy/swapgs barriers and __user pointer sanitization
[    1.729317] Spectre V2 : Mitigation: Full generic retpoline
[    1.739705] Spectre V2 : Spectre v2 / SpectreRSB mitigation: Filling RSB on context switch
[    1.755749] Speculative Store Bypass: Vulnerable
[    1.765157] MDS: Mitigation: Clear CPU buffers
[    1.790406] Freeing SMP alternatives memory: 36K
[    1.838666] ftrace: allocating 32308 entries in 127 pages
[    2.114141] smpboot: APIC(0) Converting physical 0 to logical package 0
[    2.150844] smpboot: Max logical packages: 1
[    2.163068] x2apic enabled
[    2.181132] Switched APIC routing to physical x2apic.
[    2.201889] ..TIMER: vector=0x30 apic1=0 pin1=2 apic2=-1 pin2=-1
[    2.322352] smpboot: CPU0: Intel(R) Core(TM) i9-8950HK CPU @ 2.90GHz (family: 0x6, model: 0x9e, stepping: 0xa)
[    2.357205] Performance Events: unsupported p6 CPU model 158 no PMU driver, software events only.
[    2.417527] KVM setup paravirtual spinlock
[    2.427135] x86: Booting SMP configuration:
[    2.435461] .... node  #0, CPUs:      #1
[    2.445077] kvm-clock: cpu 1, msr 0:3ffe3041, secondary cpu clock
[    2.453286] mce: CPU supports 0 MCE banks
[    2.459545] x86: Booted up 1 node, 2 CPUs
[    2.470733] smpboot: Total of 2 processors activated (11614.58 BogoMIPS)
[    2.484551] devtmpfs: initialized
[    2.493173] evm: security.selinux
[    2.501196] evm: security.SMACK64
[    2.508536] evm: security.SMACK64EXEC
[    2.516124] evm: security.SMACK64TRANSMUTE
[    2.524349] evm: security.SMACK64MMAP
[    2.532380] evm: security.ima
[    2.539120] evm: security.capability
[    2.547089] clocksource: jiffies: mask: 0xffffffff max_cycles: 0xffffffff, max_idle_ns: 7645041785100000 ns
[    2.568156] futex hash table entries: 512 (order: 3, 32768 bytes)
[    2.579588] pinctrl core: initialized pinctrl subsystem
[    2.591800] RTC time: 12:12:28, date: 05/11/20
[    2.600921] NET: Registered protocol family 16
[    2.620926] cpuidle: using governor ladder
[    2.649540] cpuidle: using governor menu
[    2.662398] PCCT header not found.
[    2.672306] ACPI: bus type PCI registered
[    2.682630] acpiphp: ACPI Hot Plug PCI Controller Driver version: 0.5
[    2.695583] PCI: Using configuration type 1 for base access
[    2.721945] ACPI: Added _OSI(Module Device)
[    2.732899] ACPI: Added _OSI(Processor Device)
[    2.743283] ACPI: Added _OSI(3.0 _SCP Extensions)
[    2.752273] ACPI: Added _OSI(Processor Aggregator Device)
[    2.763902] ACPI: Executed 1 blocks of module-level executable AML code
[    2.779710] ACPI: Interpreter enabled
[    2.786911] ACPI: (supports S0 S5)
[    2.794166] ACPI: Using IOAPIC for interrupt routing
[    2.803702] PCI: Using host bridge windows from ACPI; if necessary, use "pci=nocrs" and report a bug
[    2.829275] ACPI: PCI Root Bridge [PCI0] (domain 0000 [bus 00-ff])
[    2.840305] acpi PNP0A03:00: _OSC: OS supports [ASPM ClockPM Segments MSI]
[    2.851838] acpi PNP0A03:00: _OSC: not requesting OS control; OS requires [ExtendedConfig ASPM ClockPM MSI]
[    2.871303] acpi PNP0A03:00: fail to add MMCONFIG information, can't access extended PCI configuration space under this bridge.
[    2.892186] PCI host bridge to bus 0000:00
[    2.899884] pci_bus 0000:00: root bus resource [io  0x0000-0x0cf7 window]
[    2.911930] pci_bus 0000:00: root bus resource [io  0x0d00-0xffff window]
[    2.924674] pci_bus 0000:00: root bus resource [mem 0x000a0000-0x000bffff window]
[    2.943229] pci_bus 0000:00: root bus resource [mem 0x40000000-0xfdffffff window]
[    2.958280] pci_bus 0000:00: root bus resource [bus 00-ff]
[    2.983655] pci 0000:00:01.1: legacy IDE quirk: reg 0x10: [io  0x01f0-0x01f7]
[    2.996194] pci 0000:00:01.1: legacy IDE quirk: reg 0x14: [io  0x03f6]
[    3.008027] pci 0000:00:01.1: legacy IDE quirk: reg 0x18: [io  0x0170-0x0177]
[    3.021706] pci 0000:00:01.1: legacy IDE quirk: reg 0x1c: [io  0x0376]
[    3.267108] pci 0000:00:07.0: quirk: [io  0x4000-0x403f] claimed by PIIX4 ACPI
[    3.281766] pci 0000:00:07.0: quirk: [io  0x4100-0x410f] claimed by PIIX4 SMB
[    3.348537] ACPI: PCI Interrupt Link [LNKA] (IRQs 5 9 10 *11)
[    3.370621] ACPI: PCI Interrupt Link [LNKB] (IRQs 5 9 *10 11)
[    3.391978] ACPI: PCI Interrupt Link [LNKC] (IRQs 5 *9 10 11)
[    3.412444] ACPI: PCI Interrupt Link [LNKD] (IRQs 5 9 10 *11)
[    3.429769] ACPI: Enabled 2 GPEs in block 00 to 07
[    3.443323] vgaarb: setting as boot device: PCI:0000:00:02.0
[    3.454054] vgaarb: device added: PCI:0000:00:02.0,decodes=io+mem,owns=io+mem,locks=none
[    3.469936] vgaarb: loaded
[    3.476391] vgaarb: bridge control possible 0000:00:02.0
[    3.487071] SCSI subsystem initialized
[    3.496001] ACPI: bus type USB registered
[    3.504536] usbcore: registered new interface driver usbfs
[    3.515187] usbcore: registered new interface driver hub
[    3.525686] usbcore: registered new device driver usb
[    3.536916] PCI: Using ACPI for IRQ routing
[    3.553296] NetLabel: Initializing
[    3.563281] NetLabel:  domain hash size = 128
[    3.573960] NetLabel:  protocols = UNLABELED CIPSOv4
[    3.585082] NetLabel:  unlabeled traffic allowed by default
[    3.598861] amd_nb: Cannot enumerate AMD northbridges
[    3.611672] clocksource: Switched to clocksource kvm-clock
[    3.635596] AppArmor: AppArmor Filesystem Enabled
[    3.681865] pnp: PnP ACPI init
[    3.697184] pnp: PnP ACPI: found 3 devices
[    3.717224] clocksource: acpi_pm: mask: 0xffffff max_cycles: 0xffffff, max_idle_ns: 2085701024 ns
[    3.741518] NET: Registered protocol family 2
[    3.752998] TCP established hash table entries: 8192 (order: 4, 65536 bytes)
[    3.772027] TCP bind hash table entries: 8192 (order: 5, 131072 bytes)
[    3.785020] TCP: Hash tables configured (established 8192 bind 8192)
[    3.806578] UDP hash table entries: 512 (order: 2, 16384 bytes)
[    3.819977] UDP-Lite hash table entries: 512 (order: 2, 16384 bytes)
[    3.833452] NET: Registered protocol family 1
[    3.842816] pci 0000:00:00.0: Limiting direct PCI/PCI transfers
[    3.854286] pci 0000:00:01.0: Activating ISA DMA hang workarounds
[    3.867077] Unpacking initramfs...
[    4.076692] Freeing initrd memory: 14880K
[    4.084856] clocksource: tsc: mask: 0xffffffffffffffff max_cycles: 0x29dab6fac4a, max_idle_ns: 440795222204 ns
[    4.103022] platform rtc_cmos: registered platform RTC device (no PNP device found)
[    4.118967] Scanning for low memory corruption every 60 seconds
[    4.131064] audit: initializing netlink subsys (disabled)
[    4.141816] audit: type=2000 audit(1589199155.557:1): initialized
[    4.153145] Initialise system trusted keyring
[    4.162225] HugeTLB registered 2 MB page size, pre-allocated 0 pages
[    4.174810] zbud: loaded
[    4.181731] VFS: Disk quotas dquot_6.6.0
[    4.190061] VFS: Dquot-cache hash table entries: 512 (order 0, 4096 bytes)
[    4.202679] squashfs: version 4.0 (2009/01/31) Phillip Lougher
[    4.213848] fuse init (API version 7.23)
[    4.221986] Key type big_key registered
[    4.229897] Allocating IMA MOK and blacklist keyrings.
[    4.258976] Key type asymmetric registered
[    4.283195] Asymmetric key parser 'x509' registered
[    4.306646] Block layer SCSI generic (bsg) driver version 0.4 loaded (major 249)
[    4.348247] io scheduler noop registered
[    4.381882] io scheduler deadline registered (default)
[    4.393413] io scheduler cfq registered
[    4.401677] pci_hotplug: PCI Hot Plug PCI Core version: 0.5
[    4.412437] pciehp: PCI Express Hot Plug Controller Driver version: 0.4
[    4.424661] ACPI: AC Adapter [AC] (on-line)
[    4.433474] input: Power Button as /devices/LNXSYSTM:00/LNXPWRBN:00/input/input0
[    4.450002] ACPI: Power Button [PWRF]
[    4.458729] input: Sleep Button as /devices/LNXSYSTM:00/LNXSLPBN:00/input/input1
[    4.473840] ACPI: Sleep Button [SLPF]
[    4.482289] GHES: HEST is not enabled!
[    4.490472] Serial: 8250/16550 driver, 32 ports, IRQ sharing enabled
[    4.544252] 00:02: ttyS0 at I/O 0x3f8 (irq = 4, base_baud = 115200) is a 16550A
[    4.561594] Linux agpgart interface v0.103
[    4.573531] loop: module loaded
[    4.582534] scsi host0: ata_piix
[    4.590167] scsi host1: ata_piix
[    4.597335] ata1: PATA max UDMA/33 cmd 0x1f0 ctl 0x3f6 bmdma 0xd000 irq 14
[    4.609159] ata2: PATA max UDMA/33 cmd 0x170 ctl 0x376 bmdma 0xd008 irq 15
[    4.621007] libphy: Fixed MDIO Bus: probed
[    4.629244] tun: Universal TUN/TAP device driver, 1.6
[    4.639340] tun: (C) 1999-2004 Max Krasnyansky <maxk@qualcomm.com>
[    4.650772] PPP generic driver version 2.4.2
[    4.661754] ehci_hcd: USB 2.0 'Enhanced' Host Controller (EHCI) Driver
[    4.673540] ehci-pci: EHCI PCI platform driver
[    4.682246] ehci-platform: EHCI generic platform driver
[    4.691965] ohci_hcd: USB 1.1 'Open' Host Controller (OHCI) Driver
[    4.702876] ohci-pci: OHCI PCI platform driver
[    4.711548] ohci-platform: OHCI generic platform driver
[    4.727077] uhci_hcd: USB Universal Host Controller Interface driver
[    4.748877] i8042: PNP: PS/2 Controller [PNP0303:PS2K,PNP0f03:PS2M] at 0x60,0x64 irq 1,12
[    4.767498] serio: i8042 KBD port at 0x60,0x64 irq 1
[    4.776750] serio: i8042 AUX port at 0x60,0x64 irq 12
[    4.786086] mousedev: PS/2 mouse device common for all mice
[    4.798391] rtc_cmos rtc_cmos: rtc core: registered rtc_cmos as rtc0
[    4.810134] input: AT Translated Set 2 keyboard as /devices/platform/i8042/serio0/input/input2
[    4.835155] rtc_cmos rtc_cmos: alarms up to one day, 114 bytes nvram
[    4.846486] i2c /dev entries driver
[    4.855073] device-mapper: uevent: version 1.0.3
[    4.864821] device-mapper: ioctl: 4.34.0-ioctl (2015-10-28) initialised: dm-devel@redhat.com
[    4.883145] ledtrig-cpu: registered to indicate activity on CPUs
[    4.895490] NET: Registered protocol family 10
[    4.904631] NET: Registered protocol family 17
[    4.913390] Key type dns_resolver registered
[    4.922696] registered taskstats version 1
[    4.931323] Loading compiled-in X.509 certificates
[    4.941140] Loaded X.509 cert 'Build time autogenerated kernel key: f33c437cc9123d9712070bdfe932b55b24c56047'
[    4.970704] zswap: loaded using pool lzo/zbud
[    4.982746] Key type trusted registered
[    4.998027] Key type encrypted registered
[    5.006575] AppArmor: AppArmor sha1 policy hashing enabled
[    5.016895] ima: No TPM chip found, activating TPM-bypass!
[    5.026913] ima: Allocated hash algorithm: sha1
[    5.035966] evm: HMAC attrs: 0x1
[    5.045416]   Magic number: 4:260:228
[    5.056113] rtc_cmos rtc_cmos: setting system clock to 2020-05-11 12:12:30 UTC (1589199150)
[    5.079604] BIOS EDD facility v0.16 2004-Jun-25, 0 devices found
[    5.100583] EDD information not available.
[    5.121260] Freeing unused kernel memory: 1488K
[    5.148047] Write protecting the kernel read-only data: 14336k
[    5.167166] Freeing unused kernel memory: 1604K
[    5.177728] Freeing unused kernel memory: 60K
Loading, please wait...
starting version 229
[    5.212612] random: systemd-udevd: uninitialized urandom read (16 bytes read, 5 bits of entropy available)
[    5.214810] random: udevadm: uninitialized urandom read (16 bytes read, 5 bits of entropy available)
[    5.214887] random: udevadm: uninitialized urandom read (16 bytes read, 5 bits of entropy available)
[    5.228534] random: udevadm: uninitialized urandom read (16 bytes read, 5 bits of entropy available)
[    5.228564] random: udevadm: uninitialized urandom read (16 bytes read, 5 bits of entropy available)
[    5.228674] random: udevadm: uninitialized urandom read (16 bytes read, 5 bits of entropy available)
[    5.228723] random: udevadm: uninitialized urandom read (16 bytes read, 5 bits of entropy available)
[    5.228754] random: udevadm: uninitialized urandom read (16 bytes read, 5 bits of entropy available)
[    5.228801] random: udevadm: uninitialized urandom read (16 bytes read, 5 bits of entropy available)
[    5.228847] random: udevadm: uninitialized urandom read (16 bytes read, 5 bits of entropy available)
[    5.520925] Fusion MPT base driver 3.04.20
[    5.529189] Copyright (c) 1999-2008 LSI Corporation
[    5.556697] AVX2 version of gcm_enc/dec engaged.
[    5.566081] AES CTR mode by8 optimization enabled
[    5.586181] Fusion MPT SPI Host driver 3.04.20
[    5.598128] e1000: Intel(R) PRO/1000 Network Driver - version 7.3.21-k8-NAPI
[    5.610413] e1000: Copyright (c) 1999-2006 Intel Corporation.
[    5.610867] mptbase: ioc0: Initiating bringup
[    6.079762] input: ImExPS/2 Generic Explorer Mouse as /devices/platform/i8042/serio1/input/input4
[    6.120000] ioc0: LSI53C1030 A0: Capabilities={Initiator}
[    6.393169] scsi host2: ioc0: LSI53C1030 A0, FwRev=00000000h, Ports=1, MaxQ=256, IRQ=20
[    6.551864] scsi 2:0:0:0: Direct-Access     VBOX     HARDDISK         1.0  PQ: 0 ANSI: 5
[    6.607045] scsi target2:0:0: Beginning Domain Validation
[    6.627243] scsi target2:0:0: Domain Validation skipping write tests
[    6.639385] scsi target2:0:0: Ending Domain Validation
[    6.651608] scsi target2:0:0: asynchronous
[    6.664197] scsi 2:0:1:0: Direct-Access     VBOX     HARDDISK         1.0  PQ: 0 ANSI: 5
[    6.679281] scsi target2:0:1: Beginning Domain Validation
[    6.693679] scsi target2:0:1: Domain Validation skipping write tests
[    6.704462] scsi target2:0:1: Ending Domain Validation
[    6.713831] scsi target2:0:1: asynchronous
[    6.736647] sd 2:0:0:0: Attached scsi generic sg0 type 0
[    6.746226] sd 2:0:0:0: [sda] 20971520 512-byte logical blocks: (10.7 GB/10.0 GiB)
[    6.761291] sd 2:0:1:0: [sdb] 20480 512-byte logical blocks: (10.5 MB/10.0 MiB)
[    6.872365] sd 2:0:1:0: Attached scsi generic sg1 type 0
[    6.885288] sd 2:0:0:0: [sda] Write Protect is off
[    6.894555] sd 2:0:1:0: [sdb] Write Protect is off
[    6.903173] sd 2:0:0:0: [sda] Incomplete mode parameter data
[    6.912731] sd 2:0:0:0: [sda] Assuming drive cache: write through
[    6.923196] sd 2:0:1:0: [sdb] Incomplete mode parameter data
[    6.932587] sd 2:0:1:0: [sdb] Assuming drive cache: write through
[    6.944935]  sda: sda1
[    6.952051] sd 2:0:0:0: [sda] Attached SCSI disk
[    6.962170] sd 2:0:1:0: [sdb] Attached SCSI disk
[    7.540119] e1000 0000:00:03.0 eth0: (PCI:33MHz:32-bit) 02:7c:3b:f4:17:68
[    7.553245] e1000 0000:00:03.0 eth0: Intel(R) PRO/1000 Network Connection
[    8.500375] e1000 0000:00:08.0 eth1: (PCI:33MHz:32-bit) 08:00:27:bf:74:78
[    8.512719] e1000 0000:00:08.0 eth1: Intel(R) PRO/1000 Network Connection
[    8.528327] e1000 0000:00:08.0 enp0s8: renamed from eth1
[    8.548123] e1000 0000:00:03.0 enp0s3: renamed from eth0
Begin: Loading essential drivers ... [   12.142034] md: linear personality registered for level -1
[   12.156747] md: multipath personality registered for level -4
[   12.171114] md: raid0 personality registered for level 0
[   12.192989] md: raid1 personality registered for level 1
[   12.275857] raid6: sse2x1   gen() 12692 MB/s
[   12.351864] raid6: sse2x1   xor()  9394 MB/s
[   12.427835] raid6: sse2x2   gen() 17092 MB/s
[   12.503719] raid6: sse2x2   xor() 12320 MB/s
[   12.579708] raid6: sse2x4   gen() 19811 MB/s
[   12.651898] raid6: sse2x4   xor() 13376 MB/s
[   12.727882] raid6: avx2x1   gen() 25478 MB/s
[   12.803960] raid6: avx2x2   gen() 31730 MB/s
[   12.880088] raid6: avx2x4   gen() 36059 MB/s
[   12.888620] raid6: using algorithm avx2x4 gen() 36059 MB/s
[   12.899410] raid6: using avx2x2 recovery algorithm
[   12.910634] xor: automatically using best checksumming function:
[   13.017742]    avx       : 99234.000 MB/sec
[   13.027617] async_tx: api initialized (async)
[   13.066076] md: raid6 personality registered for level 6
[   13.076516] md: raid5 personality registered for level 5
[   13.096643] md: raid4 personality registered for level 4
[   13.153922] md: raid10 personality registered for level 10
done.
Begin: Running /scripts/init-premount ... done.
Begin: Mounting root file system ... Begin: Running /scripts/local-top ... done.
Begin: Running /scripts/local-premount ... [   13.239736] Btrfs loaded
Scanning for Btrfs filesystems
done.
Warning: fsck not present, so skipping root file system
[   13.298620] EXT4-fs (sda1): mounted filesystem with ordered data mode. Opts: (null)
done.
Begin: Running /scripts/local-bottom ... done.
Begin: Running /scripts/init-bottom ... done.
[   13.490298] systemd[1]: systemd 229 running in system mode. (+PAM +AUDIT +SELINUX +IMA +APPARMOR +SMACK +SYSVINIT +UTMP +LIBCRYPTSETUP +GCRYPT +GNUTLS +ACL +XZ -LZ4 +SECCOMP +BLKID +ELFUTILS +KMOD -IDN)
[   13.523072] systemd[1]: Detected virtualization oracle.
[   13.533418] systemd[1]: Detected architecture x86-64.

Welcome to [1mUbuntu 16.04.6 LTS[0m!

[   13.559857] systemd[1]: Set hostname to <ubuntu>.
[   13.574024] systemd[1]: Initializing machine ID from random generator.
[   13.585877] systemd[1]: Installed transient /etc/machine-id file.
[   13.882548] systemd[1]: Started Forward Password Requests to Wall Directory Watch.
[[0;32m  OK  [0m] Started Forward Password Requests to Wall Directory Watch.
[   13.912528] systemd[1]: Set up automount Arbitrary Executable File Formats File System Automount Point.
[[0;32m  OK  [0m] Set up automount Arbitrary Executab...ats File System Automount Point.
[   13.943368] systemd[1]: Reached target Encrypted Volumes.
[[0;32m  OK  [0m] Reached target Encrypted Volumes.
[   13.964870] systemd[1]: Created slice System Slice.
[[0;32m  OK  [0m] Created slice System Slice.
[   13.984857] systemd[1]: Listening on /dev/initctl Compatibility Named Pipe.
[[0;32m  OK  [0m] Listening on /dev/initctl Compatibility Named Pipe.
[   14.009305] systemd[1]: Listening on Journal Audit Socket.
[[0;32m  OK  [0m] Listening on Journal Audit Socket.
[   14.030189] systemd[1]: Listening on Device-mapper event daemon FIFOs.
[[0;32m  OK  [0m] Listening on Device-mapper event daemon FIFOs.
[   14.053986] systemd[1]: Listening on LVM2 metadata daemon socket.
[[0;32m  OK  [0m] Listening on LVM2 metadata daemon socket.
[   14.078121] systemd[1]: Listening on udev Kernel Socket.
[[0;32m  OK  [0m] Listening on udev Kernel Socket.
[   14.098296] systemd[1]: Listening on Syslog Socket.
[[0;32m  OK  [0m] Listening on Syslog Socket.
[   14.117698] systemd[1]: Started Trigger resolvconf update for networkd DNS.
[[0;32m  OK  [0m] Started Trigger resolvconf update for networkd DNS.
[   14.141964] systemd[1]: Reached target User and Group Name Lookups.
[[0;32m  OK  [0m] Reached target User and Group Name Lookups.
[   14.920438] systemd[1]: Listening on Journal Socket.
[[0;32m  OK  [0m] Listening on Journal Socket.
[   14.968311] systemd[1]: Mounting Debug File System...
[   14.982250] random: nonblocking pool is initialized
         Mounting Debug File System...
[   15.005621] systemd[1]: Starting Remount Root and Kernel File Systems...
[   15.008625] EXT4-fs (sda1): re-mounted. Opts: (null)
         Starting Remount Root and Kernel File Systems...
[   15.036050] systemd[1]: Mounting Huge Pages File System...
         Mounting Huge Pages File System...
[   15.054340] systemd[1]: Mounting POSIX Message Queue File System...
         Mounting POSIX Message Queue File System...
[   15.077612] systemd[1]: Starting Create list of required static device nodes for the current kernel...
         Starting Create list of required st... nodes for the current kernel...
[   15.109089] systemd[1]: Reached target Swap.
[[0;32m  OK  [0m] Reached target Swap.
[   15.124680] systemd[1]: Listening on udev Control Socket.
[[0;32m  OK  [0m] Listening on udev Control Socket.
[   15.143412] systemd[1]: Created slice system-serial\x2dgetty.slice.
[[0;32m  OK  [0m] Created slice system-serial\x2dgetty.slice.
[   15.175944] systemd[1]: Starting Load Kernel Modules...
[   15.190221] Loading iSCSI transport class v2.0-870.
         Starting Load Kernel Modules...
[   15.208965] systemd[1]: Reached target System Time Synchronized.
[[0;32m  OK  [0m] Reached target System Time Synchronized.
[   15.230381] systemd[1]: Starting Nameserver information manager...
[   15.242748] iscsi: registered transport (tcp)
         Starting Nameserver information manager...
[   15.265025] systemd[1]: Starting Monitoring of LVM2 mirrors, snapshots etc. using dmeventd or progress polling...
         Starting Monitoring of LVM2 mirrors... dmeventd or progress polling...
[   15.364789] systemd[1]: Listening on LVM2 poll daemon socket.
[[0;32m  OK  [0m] Listening on LVM2 poll daemon socket.
[   15.385686] systemd[1]: Listening on Journal Socket (/dev/log).
[[0;32m  OK  [0m] Listening on Journal Socket (/dev/log).
[   15.419518] iscsi: registered transport (iser)
[   15.435945] systemd[1]: Starting Journal Service...
         Starting Journal Service...
[   15.454165] systemd[1]: Created slice User and Session Slice.
[[0;32m  OK  [0m] Created slice User and Session Slice.
[   15.473584] systemd[1]: Reached target Slices.
[[0;32m  OK  [0m] Reached target Slices.
[   15.503928] systemd[1]: Starting Uncomplicated firewall...
         Starting Uncomplicated firewall...
[   15.521666] systemd[1]: Starting Set console keymap...
         Starting Set console keymap...
[   15.539917] systemd[1]: Mounted POSIX Message Queue File System.
[[0;32m  OK  [0m] Mounted POSIX Message Queue File System.
[   15.563348] systemd[1]: Mounted Huge Pages File System.
[[0;32m  OK  [0m] Mounted Huge Pages File System.
[   15.582285] systemd[1]: Mounted Debug File System.
[[0;32m  OK  [0m] Mounted Debug File System.
[   15.599462] systemd[1]: Started Journal Service.
[[0;32m  OK  [0m] Started Journal Service.
[[0;32m  OK  [0m] Started Remount Root and Kernel File Systems.
[[0;32m  OK  [0m] Started Create list of required sta...ce nodes for the current kernel.
[[0;32m  OK  [0m] Started Load Kernel Modules.
[[0;32m  OK  [0m] Started Uncomplicated firewall.
[[0;32m  OK  [0m] Started Set console keymap.
[[0;32m  OK  [0m] Started Nameserver information manager.
[[0;32m  OK  [0m] Started LVM2 metadata daemon.
         Mounting FUSE Control File System...
         Starting Apply Kernel Variables...
         Starting Create Static Device Nodes in /dev...
         Starting udev Coldplug all Devices...
         Starting Load/Save Random Seed...
         Starting Flush Journal to Persistent Storage...
[[0;32m  OK  [0m] Mounted FUSE Control File System.
[[0;32m  OK  [0m] Started Apply Kernel Variables.
[[0;32m  OK  [0m] Started Create Static Device Nodes in /dev.
[[0;32m  OK  [0m] Started Load/Save Random Seed.
         Starting udev Kernel Device Manager...
[[0;32m  OK  [0m] Started Flush Journal to Persistent Storage.
[[0;32m  OK  [0m] Started udev Coldplug all Devices.
[[0;32m  OK  [0m] Started udev Kernel Device Manager.
[[0;32m  OK  [0m] Started Dispatch Password Requests to Console Directory Watch.
[[0;32m  OK  [0m] Found device /dev/ttyS0.
[[0;32m  OK  [0m] Started Monitoring of LVM2 mirrors,...ng dmeventd or progress polling.
[[0;32m  OK  [0m] Reached target Local File Systems (Pre).
[[0;32m  OK  [0m] Reached target Local File Systems.
         Starting LSB: AppArmor initialization...
         Starting Initial cloud-init job (pre-networking)...
         Starting Create Volatile Files and Directories...
         Starting Commit a transient machine-id on disk...
         Starting Tell Plymouth To Write Out Runtime Data...
         Starting Set console font and keymap...
[[0;32m  OK  [0m] Started Create Volatile Files and Directories.
[[0;32m  OK  [0m] Started Tell Plymouth To Write Out Runtime Data.
[[0;32m  OK  [0m] Started Commit a transient machine-id on disk.
[[0;32m  OK  [0m] Listening on Load/Save RF Kill Switch Status /dev/rfkill Watch.
[   15.050771] cloud-init[507]: Cloud-init v. 19.4-33-gbb4131a2-0ubuntu1~16.04.1 running 'init-local' at Mon, 11 May 2020 12:12:42 +0000. Up 14.58 seconds.
         Starting Update UTMP about System Boot/Shutdown...
[[0;32m  OK  [0m] Started LSB: AppArmor initialization.
[[0;32m  OK  [0m] Started Initial cloud-init job (pre-networking).
[[0;32m  OK  [0m] Reached target Network (Pre).
         Starting Raise network interfaces...
[[0;32m  OK  [0m] Started Update UTMP about System Boot/Shutdown.
[[0;32m  OK  [0m] Started Set console font and keymap.
[[0;32m  OK  [0m] Created slice system-getty.slice.
[[0;32m  OK  [0m] Started Raise network interfaces.
[[0;32m  OK  [0m] Reached target Network.
         Starting Initial cloud-init job (metadata service crawler)...
[   23.185363] cloud-init[963]: Cloud-init v. 19.4-33-gbb4131a2-0ubuntu1~16.04.1 running 'init' at Mon, 11 May 2020 12:12:50 +0000. Up 22.48 seconds.
[   23.206796] cloud-init[963]: ci-info: ++++++++++++++++++++++++++++++++++++++Net device info+++++++++++++++++++++++++++++++++++++++[[0;32m  OK  [0m] Started Initial cloud-init job (metadata service crawler).
[[0;32m  OK  [0m] Reached target System Initialization.
[[0;32m  OK  [0m] Started Message of the Day.
[[0;32m  OK  [0m] Started Daily apt download activities.
[[0;32m  OK  [0m] Listening on UUID daemon activation socket.

[[0;32m  OK  [0m] Started ACPI Events Check.
[   23.265872] cloud-init[963]: ci-info: +--------+-------+----------------------------+---------------+--------+-------------------+
[   23.297717] cloud-init[963]: ci-info: | Device |   Up  |          Address           |      Mask     | Scope  |     Hw-Address    |
[[0;32m  OK  [0m] [   23.313419] cloud-init[963]: ci-info: +--------+-------+----------------------------+---------------+--------+-------------------+
[   23.322549] cloud-init[963]: ci-info: | enp0s3 |  True |         10.0.2.15          | 255.255.255.0 | global | 02:7c:3b:f4:17:68 |
[   23.337774] cloud-init[963]: ci-info: | enp0s3 |  True | fe80::7c:3bff:fef4:1768/64 |       .       |  link  | 02:7c:3b:f4:17:68 |
[   23.347202] cloud-init[963]: ci-info: | enp0s8 | False |             .              |       .       |   .    | 08:00:27:bf:74:78 |
[   23.350101] cloud-init[963]: ci-info: |   lo   |  True |         127.0.0.1          |   255.0.0.0   |  host  |         .         |
[   23.351523] cloud-init[963]: ci-info: |   lo   |  True |          ::1/128           |       .       |  host  |         .         |
[   23.354332] cloud-init[963]: ci-info: +--------+-------+----------------------------+---------------+--------+-------------------+
[   23.358617] cloud-init[963]: ci-info: +++++++++++++++++++++++++++Route IPv4 info++++++++++++++++++++++++++++
[   23.362863] cloud-init[963]: ci-info: +-------+-------------+----------+---------------+-----------+-------+
[   23.365692] cloud-init[963]: ci-info: | Route | Destination | Gateway  |    Genmask    | Interface | Flags |
[   23.371484] cloud-init[963]: ci-info: +-------+-------------+----------+---------------+-----------+-------+
[   23.375786] cloud-init[963]: ci-info: |   0   |   0.0.0.0   | 10.0.2.2 |    0.0.0.0    |   enp0s3  |   UG  |
[   23.382852] cloud-init[963]: ci-info: |   1   |   10.0.2.0  | 0.0.0.0  | 255.255.255.0 |   enp0s3  |   U   |
[   23.385608] cloud-init[963]: ci-info: +-------+-------------+----------+---------------+-----------+-------+
[   23.391519] cloud-init[963]: ci-info: +++++++++++++++++++Route IPv6 info+++++++++++++++++++
[   23.394216] cloud-init[963]: ci-info: +-------+-------------+---------+-----------+-------+
[   23.398685] cloud-init[963]: ci-info: | Route | Destination | Gateway | Interface | Flags |
[   23.407381] cloud-init[963]: ci-info: +-------+-------------+---------+-----------+-------+
[   23.413529] cloud-init[963]: ci-info: |   0   |  fe80::/64  |    ::   |   enp0s3  |   U   |
[   23.417643] cloud-init[963]: ci-info: |   3   |   ff00::/8  |    ::   |   enp0s3  |   U   |
[   23.419037] cloud-init[963]: ci-info: +-------+-------------+---------+-----------+-------+
[   23.423439] cloud-init[963]: Generating public/private rsa key pair.
[   23.426383] cloud-init[963]: Your identification has been saved in /etc/ssh/ssh_host_rsa_key.
[   23.429834] cloud-init[963]: Your public key has been saved in /etc/ssh/ssh_host_rsa_key.pub.
[   23.435046] cloud-init[963]: The key fingerprint is:
[   23.437049] cloud-init[963]: SHA256:ZlkI9MY14cG9s81rtluEMQA80Ew8wSlvXsnxpDHGqLQ root@ubuntu-xenial
[   23.438499] cloud-init[963]: The key's randomart image is:
[   23.445725] cloud-init[963]: +---[RSA 2048]----+
[   23.447187] cloud-init[963]: |     .o .XOO.    |
[   23.450149] cloud-init[963]: |       +o+%oB..  |
[   23.457948] cloud-init[963]: |       .==o= Xo  |
[   23.459327] cloud-init[963]: |       .Eoo B .+ |
[   23.462068] cloud-init[963]: |        So . =. .|
[   23.463446] cloud-init[963]: |       o  . . o. |
[   23.466247] cloud-init[963]: |               ..|
[   23.470444] cloud-init[963]: |              +. |
[   23.474598] cloud-init[963]: |             ooo |
[   23.477409] cloud-init[963]: +----[SHA256]-----+
[   23.478785] cloud-init[963]: Generating public/private dsa key pair.
[   23.481645] cloud-init[963]: Your identification has been saved in /etc/ssh/ssh_host_dsa_key.
[   23.483020] cloud-init[963]: Your public key has been saved in /etc/ssh/ssh_host_dsa_key.pub.
[   23.485832] cloud-init[963]: The key fingerprint is:
[   23.490019] cloud-init[963]: SHA256:gso6MajdSHc1pf9PrRpZcrEMLpST+U1mPlQH+dgGLbM root@ubuntu-xenial
[   23.491376] cloud-init[963]: The key's randomart image is:
[   23.494148] cloud-init[963]: +---[DSA 1024]----+
[   23.495496] cloud-init[963]: |              .+o|
[   23.496871] cloud-init[963]: |          .+  =.o|
[   23.506942] cloud-init[963]: |         o* . *O |
[   23.511539] cloud-init[963]: |     .  +. + XEo+|
[   23.514266] cloud-init[963]: |.   . ..So. + O. |
[   23.515656] cloud-init[963]: |+.... ..  .. = o |
[   23.519842] cloud-init[963]: |.=o+ .     .o . .|
[   23.522623] cloud-init[963]: |o.o .       .o . |
[   23.523997] cloud-init[963]: |..          .oo  |
[   23.531112] cloud-init[963]: +----[SHA256]-----+
[   23.535397] cloud-init[963]: Generating public/private ecdsa key pair.
[   23.538376] cloud-init[963]: Your identification has been saved in /etc/ssh/ssh_host_ecdsa_key.
[   23.539769] cloud-init[963]: Your public key has been saved in /etc/ssh/ssh_host_ecdsa_key.pub.
[   23.545515] cloud-init[963]: The key fingerprint is:
[   23.546956] cloud-init[963]: SHA256:d/nm8xSl+NRu6kXDaiKx5i+Wuqbt5u9uQJXESnBuKgo root@ubuntu-xenial
[   23.549876] cloud-init[963]: The key's randomart image is:
[   23.558006] cloud-init[963]: +---[ECDSA 256]---+
[   23.558111] cloud-init[963]: |     ...o..      |
[   23.558175] cloud-init[963]: |      o. +       |
[   23.558209] cloud-init[963]: |      .oo       .|
[   23.558239] cloud-init[963]: |      oo     o.o.|
[   23.558271] cloud-init[963]: |E  . .. S.. + o+o|
[   23.558297] cloud-init[963]: |. . .  . .o. +.oo|
Reached target Paths.
[   23.558319] cloud-init[963]: | .      .+.. o+ =|
[   23.952712] cloud-init[963]: |      .oo=. oo.= |
[   23.967781] cloud-init[963]: |     .**O=o. .+o.|
[   23.982667] cloud-init[963]: +----[SHA256]-----+
[   24.002406] cloud-init[963]: Generating public/private ed25519 key pair.
[   24.013226] cloud-init[963]: Your identification has been saved in /etc/ssh/ssh_host_ed25519_key.
[   24.021410] cloud-init[963]: Your public key has been saved in /etc/ssh/ssh_host_ed25519_key.pub.
[   24.021437] cloud-init[963]: The key fingerprint is:
[   24.022472] cloud-init[963]: SHA256:c6JqGruvvZGgMajNhOIyfg7Jyh+t9nNokxzaS1ITdjk root@ubuntu-xenial
[   24.022502] cloud-init[963]: The key's randomart image is:
[   24.023545] cloud-init[963]: +--[ED25519 256]--+
[   24.023567] cloud-init[963]: |                 |
[   24.025698] cloud-init[963]: |        .        |
[   24.026772] cloud-init[963]: |     o E         |
[   24.026977] cloud-init[963]: |..  . o .        |
[   24.027000] cloud-init[963]: |* o  o  S .      |
[   24.028180] cloud-init[963]: |=B..oo.. +       |
[   24.029302] cloud-init[963]: |==+o*o=          |
[   24.029325] cloud-init[963]: |=..B*@ .         |
[   24.030398] cloud-init[963]: |.oXXB+=          |
[   24.030422] cloud-init[963]: +----[SHA256]-----+
[[0;32m  OK  [0m] Listening on D-Bus System Message Bus Socket.
         Starting LXD - unix socket.
[[0;32m  OK  [0m] Started Daily Cleanup of Temporary Directories.
[[0;32m  OK  [0m] Started Daily apt upgrade and clean activities.
[[0;32m  OK  [0m] Reached target Timers.
[[0;32m  OK  [0m] Listening on ACPID Listen Socket.
         Starting Socket activation for snappy daemon.
[[0;32m  OK  [0m] Reached target Network is Online.
         Starting iSCSI initiator daemon (iscsid)...
[[0;32m  OK  [0m] Reached target Cloud-config availability.
[[0;32m  OK  [0m] Listening on LXD - unix socket.
[[0;32m  OK  [0m] Listening on Socket activation for snappy daemon.
[[0;32m  OK  [0m] Reached target Sockets.
[[0;32m  OK  [0m] Reached target Basic System.
         Starting LSB: Record successful boot for GRUB...
[[0;32m  OK  [0m] Started D-Bus System Message Bus.
         Starting Accounts Service...
         Starting Virtualbox guest utils...
[[0;32m  OK  [0m] Started Deferred execution scheduler.
[[0;32m  OK  [0m] Started Regular background program processing daemon.
[[0;32m  OK  [0m] Started FUSE filesystem for LXC.
         Starting System Logging Service...
         Starting Login Service...
[[0;32m  OK  [0m] Started ACPI event daemon.
         Starting Pollinate to seed the pseudo random number generator...
         Starting Snappy daemon...
         Starting LSB: MD monitoring daemon...
         Starting /etc/rc.local Compatibility...
         Starting LXD - container startup/shutdown...
[[0;32m  OK  [0m] Started System Logging Service.
[[0;32m  OK  [0m] Started iSCSI initiator daemon (iscsid).
[[0;32m  OK  [0m] Started /etc/rc.local Compatibility.
         Starting Authenticate and Authorize Users to Run Privileged Tasks...
         Starting Login to default iSCSI targets...
[[0;32m  OK  [0m] Started LSB: Record successful boot for GRUB.
[[0;32m  OK  [0m] Started LSB: MD monitoring daemon.
[[0;32m  OK  [0m] Started LXD - container startup/shutdown.
[[0;32m  OK  [0m] Started Login Service.
[[0;32m  OK  [0m] Started Authenticate and Authorize Users to Run Privileged Tasks.
[[0;32m  OK  [0m] Started Accounts Service.
[[0;32m  OK  [0m] Started Virtualbox guest utils.
[[0;32m  OK  [0m] Started Login to default iSCSI targets.
[[0;32m  OK  [0m] Reached target Remote File Systems (Pre).
[[0;32m  OK  [0m] Reached target Remote File Systems.
         Starting LSB: automatic crash report generation...
         Starting LSB: Set the CPU Frequency Scaling governor to "ondemand"...
         Starting LSB: daemon to balance interrupts for SMP systems...
         Starting Permit User Sessions...
[[0;32m  OK  [0m] Started Unattended Upgrades Shutdown.
[[0;32m  OK  [0m] Started Snappy daemon.
[[0;32m  OK  [0m] Started Permit User Sessions.
         Starting Hold until boot process finishes up...
         Starting Terminate Plymouth Boot Screen...
         Starting Wait until snapd is fully seeded...
[[0;32m  OK  [0m] Started LSB: automatic crash report generation.
[[0;32m  OK  [0m] Started LSB: Set the CPU Frequency Scaling governor to "ondemand".
[[0;32m  OK  [0m] Started LSB: daemon to balance interrupts for SMP systems.
[[0;32m  OK  [0m] Started Hold until boot process finishes up.
[[0;32m  OK  [0m] Started Terminate Plymouth Boot Screen.
[[0;32m  OK  [0m] Started Serial Getty on ttyS0.
[[0;32m  OK  [0m] Started Getty on tty1.
[[0;32m  OK  [0m] Reached target Login Prompts.
         Starting Set console scheme...
[[0;32m  OK  [0m] Started Set console scheme.

Ubuntu 16.04.6 LTS ubuntu-xenial ttyS0

ubuntu-xenial login: [   62.366704] cloud-init[1718]: Generating locales (this might take a while)...
[   63.059609] cloud-init[1718]:   en_US.UTF-8... done
[   63.070185] cloud-init[1718]: Generation complete.
[   63.313668] cloud-init[1718]: Cloud-init v. 19.4-33-gbb4131a2-0ubuntu1~16.04.1 running 'modules:config' at Mon, 11 May 2020 12:13:30 +0000. Up 62.29 seconds.
ci-info: no authorized SSH keys fingerprints found for user ubuntu.
<14>May 11 12:13:31 ec2: 
<14>May 11 12:13:31 ec2: #############################################################
<14>May 11 12:13:31 ec2: -----BEGIN SSH HOST KEY FINGERPRINTS-----
<14>May 11 12:13:31 ec2: 1024 SHA256:gso6MajdSHc1pf9PrRpZcrEMLpST+U1mPlQH+dgGLbM root@ubuntu-xenial (DSA)
<14>May 11 12:13:31 ec2: 256 SHA256:d/nm8xSl+NRu6kXDaiKx5i+Wuqbt5u9uQJXESnBuKgo root@ubuntu-xenial (ECDSA)
<14>May 11 12:13:31 ec2: 256 SHA256:c6JqGruvvZGgMajNhOIyfg7Jyh+t9nNokxzaS1ITdjk root@ubuntu-xenial (ED25519)
<14>May 11 12:13:31 ec2: 2048 SHA256:ZlkI9MY14cG9s81rtluEMQA80Ew8wSlvXsnxpDHGqLQ root@ubuntu-xenial (RSA)
<14>May 11 12:13:31 ec2: -----END SSH HOST KEY FINGERPRINTS-----
<14>May 11 12:13:31 ec2: #############################################################
-----BEGIN SSH HOST KEY KEYS-----
ecdsa-sha2-nistp256 AAAAE2VjZHNhLXNoYTItbmlzdHAyNTYAAAAIbmlzdHAyNTYAAABBBCbc7UKL3ZlU7FDwjwlr8euFJSZnzeI3uPbMD43bdRsq+ymK9hzFHpZeSx3cx56+B3HmNs0pRCeskg+4L6N7tZk= root@ubuntu-xenial
ssh-ed25519 AAAAC3NzaC1lZDI1NTE5AAAAIKlH13ClLLtByV/tRH2TVNqntxjsLNGT1oaFRhQS96tO root@ubuntu-xenial
ssh-rsa AAAAB3NzaC1yc2EAAAADAQABAAABAQDHvPWOxJXzKJDdzaVZsrILz2fuNK7zmAkeckocERjDidHU00eQPVPIOa63ujRSHU6TH7GWne+Vxx1ZS4Sne22oiIbWznH6tjxoWFk+fOVZfQVKyKOS/k8Iej4z1eK+94A0PLTQ4P0fLdGaoIhBRgPmqo5mS8C4jYDZvq15PJ+V7Czkvs+W15OIuta1RYFfUssH+WaEhGa/ScZ/mIzJW5cuGBsNrMvHu6IenWItsU1aokUmyBwcn7y6biPpoyZCbToBzrZ9bDfMtCuIt1GEbUelZjKqE6byrP1P1ggV4Hl8+JRP61v2bF0R0ojX7ZIs9G4a6+jZ7acGH1uLSzCQE8d5 root@ubuntu-xenial
-----END SSH HOST KEY KEYS-----
[   63.774300] cloud-init[1761]: Cloud-init v. 19.4-33-gbb4131a2-0ubuntu1~16.04.1 running 'modules:final' at Mon, 11 May 2020 12:13:31 +0000. Up 63.55 seconds.
[   63.774621] cloud-init[1761]: ci-info: no authorized SSH keys fingerprints found for user ubuntu.
[   63.775818] cloud-init[1761]: Cloud-init v. 19.4-33-gbb4131a2-0ubuntu1~16.04.1 finished at Mon, 11 May 2020 12:13:31 +0000. Datasource DataSourceNoCloud [seed=/dev/sdb][dsmode=net].  Up 63.65 seconds
